<?xml version="1.0" encoding="UTF-8"?>
<!-- Generated by org.testng.reporters.JUnitReportReporter -->
<testsuite hostname="DESKTOP-ULC91AQ" failures="0" tests="3" name="paheobjectclassdemo.Logintest" time="9.772" errors="0" timestamp="2024-08-04T17:00:47 IST" skipped="0">
  <testcase classname="paheobjectclassdemo.Logintest" name="setup" time="7.784"/>
  <testcase classname="paheobjectclassdemo.Logintest" name="Logintotest" time="1.413"/>
  <testcase classname="paheobjectclassdemo.Logintest" name="close" time="0.575"/>
</testsuite> <!-- paheobjectclassdemo.Logintest -->
