<?xml version="1.0" encoding="UTF-8"?>
<!-- Generated by org.testng.reporters.JUnitReportReporter -->
<testsuite hostname="DESKTOP-ULC91AQ" failures="0" tests="1" name="Testcases.TC_001Registertest" time="4.346" errors="0" timestamp="2024-08-08T21:50:26 IST" skipped="0">
  <testcase classname="Testcases.TC_001Registertest" name="Home" time="4.346"/>
</testsuite> <!-- Testcases.TC_001Registertest -->
