<?xml version="1.0" encoding="UTF-8"?>
<!-- Generated by org.testng.reporters.JUnitReportReporter -->
<testsuite hostname="DESKTOP-ULC91AQ" failures="0" tests="1" name="Testcases.TC_003Addtocart" time="24.490" errors="0" timestamp="2024-08-10T21:56:34 IST" skipped="0">
  <testcase classname="Testcases.TC_003Addtocart" name="Home" time="24.490"/>
</testsuite> <!-- Testcases.TC_003Addtocart -->
