<?xml version="1.0" encoding="UTF-8"?>
<!-- Generated by org.testng.reporters.JUnitReportReporter -->
<testsuite hostname="DESKTOP-ULC91AQ" failures="0" tests="3" name="paheobjectclassdemo.Logintest" time="3.793" errors="0" timestamp="2024-08-03T17:38:32 IST" skipped="0">
  <testcase classname="paheobjectclassdemo.Logintest" name="setup" time="3.069"/>
  <testcase classname="paheobjectclassdemo.Logintest" name="Logintotest" time="0.498"/>
  <testcase classname="paheobjectclassdemo.Logintest" name="close" time="0.226"/>
</testsuite> <!-- paheobjectclassdemo.Logintest -->
