<?xml version="1.0" encoding="UTF-8"?>
<!-- Generated by org.testng.reporters.JUnitReportReporter -->
<testsuite hostname="DESKTOP-ULC91AQ" failures="0" tests="3" name="pageObjects.Testcase" time="9.871" errors="0" timestamp="2024-08-04T17:25:47 IST" skipped="0">
  <testcase classname="pageObjects.Testcase" name="setup" time="8.352"/>
  <testcase classname="pageObjects.Testcase" name="Logintotest" time="1.508"/>
  <testcase classname="pageObjects.Testcase" name="LoginHomepage" time="0.011"/>
</testsuite> <!-- pageObjects.Testcase -->
