<?xml version="1.0" encoding="UTF-8"?>
<!-- Generated by org.testng.reporters.JUnitReportReporter -->
<testsuite hostname="DESKTOP-ULC91AQ" failures="0" tests="3" name="pageObjects.Testcase" time="4.876" errors="0" timestamp="2024-08-04T13:08:02 IST" skipped="0">
  <testcase classname="pageObjects.Testcase" name="setup" time="4.246"/>
  <testcase classname="pageObjects.Testcase" name="Logintotest" time="0.622"/>
  <testcase classname="pageObjects.Testcase" name="LoginHomepage" time="0.008"/>
</testsuite> <!-- pageObjects.Testcase -->
