<?xml version="1.0" encoding="UTF-8"?>
<!-- Generated by org.testng.reporters.JUnitReportReporter -->
<testsuite hostname="DESKTOP-ULC91AQ" failures="0" tests="1" name="Testcases.TC002_Search" time="19.774" errors="0" timestamp="2024-08-10T20:12:02 IST" skipped="0">
  <testcase classname="Testcases.TC002_Search" name="Home" time="19.774"/>
</testsuite> <!-- Testcases.TC002_Search -->
